[     379ms] [INFO] %cDownload the React DevTools for a better development experience: https://react.dev/link/react-devtools font-weight:bold @ http://localhost:5173/node_modules/.vite/deps/react-dom_client.js?v=ef2837e4:17986
[     850ms] [LOG] %cCopilotKit Warning%c

useCopilotChatHeadless_c provides full compatibility with CopilotKit's newly released Headless UI feature set. To enable this premium feature, add your public license key, available for free at:

%chttps://cloud.copilotkit.ai%c

Alternatively, useCopilotChat is available for basic programmatic control, and does not require an API key.

To learn more about premium features, read the documentation here:

%chttps://docs.copilotkit.ai/premium/overview%c color: #f59e0b; font-weight: bold; font-size: 16px; color: inherit; color: #22c55e; font-weight: bold; color: inherit; color: #007acc; text-decoration: underline; color: inherit; @ http://localhost:5173/node_modules/.vite/deps/chunk-WD4WBU62.js?v=ef2837e4:14209
[    1465ms] [ERROR] Each child in a list should have a unique "key" prop.%s%s See https://react.dev/link/warning-keys for more information. 

Check the render method of `GeneratedDashboard`.  @ http://localhost:5173/node_modules/.vite/deps/react-dom_client.js?v=ef2837e4:17516
[  529184ms] [INFO] %cDownload the React DevTools for a better development experience: https://react.dev/link/react-devtools font-weight:bold @ http://localhost:5173/node_modules/.vite/deps/react-dom_client.js?v=ef2837e4:17986
[  529846ms] [LOG] %cCopilotKit Warning%c

useCopilotChatHeadless_c provides full compatibility with CopilotKit's newly released Headless UI feature set. To enable this premium feature, add your public license key, available for free at:

%chttps://cloud.copilotkit.ai%c

Alternatively, useCopilotChat is available for basic programmatic control, and does not require an API key.

To learn more about premium features, read the documentation here:

%chttps://docs.copilotkit.ai/premium/overview%c color: #f59e0b; font-weight: bold; font-size: 16px; color: inherit; color: #22c55e; font-weight: bold; color: inherit; color: #007acc; text-decoration: underline; color: inherit; @ http://localhost:5173/node_modules/.vite/deps/chunk-WD4WBU62.js?v=ef2837e4:14209
[  530307ms] [ERROR] Each child in a list should have a unique "key" prop.%s%s See https://react.dev/link/warning-keys for more information. 

Check the render method of `GeneratedDashboard`.  @ http://localhost:5173/node_modules/.vite/deps/react-dom_client.js?v=ef2837e4:17516
[  549222ms] ReferenceError: useCopilotChatHeadless_c is not defined
    at CopilotPanel (http://localhost:5173/src/components/CopilotPanel.tsx?t=1780593936482:38:34)
    at react-stack-bottom-frame (http://localhost:5173/node_modules/.vite/deps/react-dom_client.js?v=ef2837e4:17424:20)
    at renderWithHooks (http://localhost:5173/node_modules/.vite/deps/react-dom_client.js?v=ef2837e4:4206:24)
    at updateFunctionComponent (http://localhost:5173/node_modules/.vite/deps/react-dom_client.js?v=ef2837e4:6619:21)
    at beginWork (http://localhost:5173/node_modules/.vite/deps/react-dom_client.js?v=ef2837e4:7654:20)
    at runWithFiberInDEV (http://localhost:5173/node_modules/.vite/deps/react-dom_client.js?v=ef2837e4:1485:72)
    at performUnitOfWork (http://localhost:5173/node_modules/.vite/deps/react-dom_client.js?v=ef2837e4:10868:98)
    at workLoopSync (http://localhost:5173/node_modules/.vite/deps/react-dom_client.js?v=ef2837e4:10728:43)
    at renderRootSync (http://localhost:5173/node_modules/.vite/deps/react-dom_client.js?v=ef2837e4:10711:13)
    at performWorkOnRoot (http://localhost:5173/node_modules/.vite/deps/react-dom_client.js?v=ef2837e4:10359:46)
[  549222ms] [WARNING] %s

%s
 An error occurred in the <CopilotPanel> component. Consider adding an error boundary to your tree to customize error handling behavior.
Visit https://react.dev/link/error-boundaries to learn more about error boundaries. @ http://localhost:5173/node_modules/.vite/deps/react-dom_client.js?v=ef2837e4:6228
[  643286ms] [ERROR] Invalid hook call. Hooks can only be called inside of the body of a function component. This could happen for one of the following reasons:
1. You might have mismatching versions of React and the renderer (such as React DOM)
2. You might be breaking the Rules of Hooks
3. You might have more than one copy of React in the same app
See https://react.dev/link/invalid-hook-call for tips about how to debug and fix this problem. @ http://localhost:5173/node_modules/.vite/deps/chunk-KC53NVYV.js?v=8bab00e6:372
[  643291ms] [ERROR] Invalid hook call. Hooks can only be called inside of the body of a function component. This could happen for one of the following reasons:
1. You might have mismatching versions of React and the renderer (such as React DOM)
2. You might be breaking the Rules of Hooks
3. You might have more than one copy of React in the same app
See https://react.dev/link/invalid-hook-call for tips about how to debug and fix this problem. @ http://localhost:5173/node_modules/.vite/deps/chunk-KC53NVYV.js?v=8bab00e6:372
[  643305ms] TypeError: Cannot read properties of null (reading 'useState')
    at exports.useState (http://localhost:5173/node_modules/.vite/deps/chunk-KC53NVYV.js?v=8bab00e6:927:35)
    at GeneratedDashboard (http://localhost:5173/src/components/GeneratedDashboard.tsx?t=1780593998356:2047:39)
    at react-stack-bottom-frame (http://localhost:5173/node_modules/.vite/deps/react-dom_client.js?v=ef2837e4:17424:20)
    at renderWithHooks (http://localhost:5173/node_modules/.vite/deps/react-dom_client.js?v=ef2837e4:4206:24)
    at updateFunctionComponent (http://localhost:5173/node_modules/.vite/deps/react-dom_client.js?v=ef2837e4:6619:21)
    at beginWork (http://localhost:5173/node_modules/.vite/deps/react-dom_client.js?v=ef2837e4:7654:20)
    at runWithFiberInDEV (http://localhost:5173/node_modules/.vite/deps/react-dom_client.js?v=ef2837e4:1485:72)
    at performUnitOfWork (http://localhost:5173/node_modules/.vite/deps/react-dom_client.js?v=ef2837e4:10868:98)
    at workLoopSync (http://localhost:5173/node_modules/.vite/deps/react-dom_client.js?v=ef2837e4:10728:43)
    at renderRootSync (http://localhost:5173/node_modules/.vite/deps/react-dom_client.js?v=ef2837e4:10711:13)
[  643298ms] [WARNING] %s

%s
 An error occurred in the <GeneratedDashboard> component. Consider adding an error boundary to your tree to customize error handling behavior.
Visit https://react.dev/link/error-boundaries to learn more about error boundaries. @ http://localhost:5173/node_modules/.vite/deps/react-dom_client.js?v=ef2837e4:6228
[  645954ms] [INFO] %cDownload the React DevTools for a better development experience: https://react.dev/link/react-devtools font-weight:bold @ http://localhost:5173/node_modules/.vite/deps/react-dom_client.js?v=8bab00e6:17986
[  647129ms] [ERROR] Each child in a list should have a unique "key" prop.%s%s See https://react.dev/link/warning-keys for more information. 

Check the render method of `GeneratedDashboard`.  @ http://localhost:5173/node_modules/.vite/deps/react-dom_client.js?v=8bab00e6:17516
