[ 1855783ms] [ERROR] [vite] Failed to reload /src/pages/LokiDashboard.tsx. This could be due to syntax errors or importing non-existent modules. (see errors above) @ http://localhost:5173/@vite/client:808
[ 1865574ms] [ERROR] [vite] Failed to reload /src/pages/LokiDashboard.tsx. This could be due to syntax errors or importing non-existent modules. (see errors above) @ http://localhost:5173/@vite/client:808
[ 1873804ms] [ERROR] [vite] Failed to reload /src/pages/LokiDashboard.tsx. This could be due to syntax errors or importing non-existent modules. (see errors above) @ http://localhost:5173/@vite/client:808
[ 2176698ms] [ERROR] Failed to load resource: the server responded with a status of 404 (Not Found) @ http://localhost:5173/api/loki/noc/device_inventory:0
[ 2176698ms] [ERROR] Failed to load resource: the server responded with a status of 404 (Not Found) @ http://localhost:5173/api/loki/noc/alarms_by_severity:0
[ 2176698ms] [ERROR] Failed to load resource: the server responded with a status of 404 (Not Found) @ http://localhost:5173/api/loki/noc/alarm_trend:0
[ 2176815ms] [ERROR] Failed to load resource: the server responded with a status of 404 (Not Found) @ http://localhost:5173/api/loki/noc/top_alarms:0
[ 2176867ms] [ERROR] Failed to load resource: the server responded with a status of 404 (Not Found) @ http://localhost:5173/api/loki/noc/incidents:0
[ 2176867ms] [ERROR] Failed to load resource: the server responded with a status of 404 (Not Found) @ http://localhost:5173/api/loki/noc/early_warnings:0
[ 2176948ms] [ERROR] Failed to load resource: the server responded with a status of 404 (Not Found) @ http://localhost:5173/api/loki/noc/top_devices_by_metric:0
[ 2176949ms] [ERROR] Failed to load resource: the server responded with a status of 404 (Not Found) @ http://localhost:5173/api/loki/noc/top_devices_by_metric:0
[ 2177017ms] [ERROR] Failed to load resource: the server responded with a status of 404 (Not Found) @ http://localhost:5173/api/loki/noc/top_devices_by_metric:0
[ 2177133ms] [ERROR] Failed to load resource: the server responded with a status of 404 (Not Found) @ http://localhost:5173/api/loki/noc/events_by_category:0
[ 2177179ms] [ERROR] Failed to load resource: the server responded with a status of 404 (Not Found) @ http://localhost:5173/api/loki/noc/security_events:0
[ 2178500ms] [ERROR] Failed to load resource: the server responded with a status of 404 (Not Found) @ http://localhost:5173/api/loki/noc/device_inventory:0
[ 2178500ms] [ERROR] Failed to load resource: the server responded with a status of 404 (Not Found) @ http://localhost:5173/api/loki/noc/incidents:0
[ 2178500ms] [ERROR] Failed to load resource: the server responded with a status of 404 (Not Found) @ http://localhost:5173/api/loki/noc/alarm_trend:0
[ 2178500ms] [ERROR] Failed to load resource: the server responded with a status of 404 (Not Found) @ http://localhost:5173/api/loki/noc/early_warnings:0
[ 2178500ms] [ERROR] Failed to load resource: the server responded with a status of 404 (Not Found) @ http://localhost:5173/api/loki/noc/top_alarms:0
[ 2178500ms] [ERROR] Failed to load resource: the server responded with a status of 404 (Not Found) @ http://localhost:5173/api/loki/noc/alarms_by_severity:0
[ 2178821ms] [ERROR] Failed to load resource: the server responded with a status of 404 (Not Found) @ http://localhost:5173/api/loki/noc/top_devices_by_metric:0
[ 2178822ms] [ERROR] Failed to load resource: the server responded with a status of 404 (Not Found) @ http://localhost:5173/api/loki/noc/security_events:0
[ 2178822ms] [ERROR] Failed to load resource: the server responded with a status of 404 (Not Found) @ http://localhost:5173/api/loki/noc/top_devices_by_metric:0
[ 2178822ms] [ERROR] Failed to load resource: the server responded with a status of 404 (Not Found) @ http://localhost:5173/api/loki/noc/events_by_category:0
[ 2178822ms] [ERROR] Failed to load resource: the server responded with a status of 404 (Not Found) @ http://localhost:5173/api/loki/noc/top_devices_by_metric:0
[ 2184391ms] [ERROR] Failed to load resource: the server responded with a status of 404 (Not Found) @ http://localhost:5173/api/loki/noc/device_inventory:0
[ 2184392ms] [ERROR] Failed to load resource: the server responded with a status of 404 (Not Found) @ http://localhost:5173/api/loki/noc/alarms_by_severity:0
[ 2184582ms] [ERROR] Failed to load resource: the server responded with a status of 404 (Not Found) @ http://localhost:5173/api/loki/noc/alarm_trend:0
[ 2184674ms] [ERROR] Failed to load resource: the server responded with a status of 404 (Not Found) @ http://localhost:5173/api/loki/noc/top_alarms:0
[ 2184674ms] [ERROR] Failed to load resource: the server responded with a status of 404 (Not Found) @ http://localhost:5173/api/loki/noc/incidents:0
[ 2184674ms] [ERROR] Failed to load resource: the server responded with a status of 404 (Not Found) @ http://localhost:5173/api/loki/noc/top_devices_by_metric:0
[ 2184675ms] [ERROR] Failed to load resource: the server responded with a status of 404 (Not Found) @ http://localhost:5173/api/loki/noc/early_warnings:0
[ 2184675ms] [ERROR] Failed to load resource: the server responded with a status of 404 (Not Found) @ http://localhost:5173/api/loki/noc/top_devices_by_metric:0
[ 2184902ms] [ERROR] Failed to load resource: the server responded with a status of 404 (Not Found) @ http://localhost:5173/api/loki/noc/top_devices_by_metric:0
[ 2184982ms] [ERROR] Failed to load resource: the server responded with a status of 404 (Not Found) @ http://localhost:5173/api/loki/noc/events_by_category:0
[ 2184982ms] [ERROR] Failed to load resource: the server responded with a status of 404 (Not Found) @ http://localhost:5173/api/loki/noc/security_events:0
[ 2186307ms] [ERROR] Failed to load resource: the server responded with a status of 404 (Not Found) @ http://localhost:5173/api/loki/noc/alarm_trend:0
[ 2186307ms] [ERROR] Failed to load resource: the server responded with a status of 404 (Not Found) @ http://localhost:5173/api/loki/noc/device_inventory:0
[ 2186308ms] [ERROR] Failed to load resource: the server responded with a status of 404 (Not Found) @ http://localhost:5173/api/loki/noc/alarms_by_severity:0
[ 2186308ms] [ERROR] Failed to load resource: the server responded with a status of 404 (Not Found) @ http://localhost:5173/api/loki/noc/top_alarms:0
[ 2186308ms] [ERROR] Failed to load resource: the server responded with a status of 404 (Not Found) @ http://localhost:5173/api/loki/noc/incidents:0
[ 2186308ms] [ERROR] Failed to load resource: the server responded with a status of 404 (Not Found) @ http://localhost:5173/api/loki/noc/early_warnings:0
[ 2186634ms] [ERROR] Failed to load resource: the server responded with a status of 404 (Not Found) @ http://localhost:5173/api/loki/noc/top_devices_by_metric:0
[ 2186634ms] [ERROR] Failed to load resource: the server responded with a status of 404 (Not Found) @ http://localhost:5173/api/loki/noc/top_devices_by_metric:0
[ 2186634ms] [ERROR] Failed to load resource: the server responded with a status of 404 (Not Found) @ http://localhost:5173/api/loki/noc/top_devices_by_metric:0
[ 2186635ms] [ERROR] Failed to load resource: the server responded with a status of 404 (Not Found) @ http://localhost:5173/api/loki/noc/security_events:0
[ 2186635ms] [ERROR] Failed to load resource: the server responded with a status of 404 (Not Found) @ http://localhost:5173/api/loki/noc/events_by_category:0
